<?xml version="1.0" encoding="UTF-8"?>
<!-- Generated by org.testng.reporters.JUnitReportReporter -->
<testsuite hostname="AlexPC" failures="0" tests="9" name="myTest" time="5.006" errors="0" timestamp="2022-07-13T16:50:18 BRT" skipped="0">
  <testcase classname="myTest" name="listPublicGists" time="1.621"/>
  <system-out/>
  <testcase classname="myTest" name="getGistListForSpecificUser" time="0.229"/>
  <system-out/>
  <testcase classname="myTest" name="createNewGist" time="1.122"/>
  <system-out/>
  <testcase classname="myTest" name="updateGist" time="0.535"/>
  <system-out/>
  <testcase classname="myTest" name="deleteGist" time="0.403"/>
  <system-out/>
  <testcase classname="myTest" name="checkGistIsDeleted" time="0.216"/>
  <system-out/>
  <testcase classname="myTest" name="starAPublicGist" time="0.324"/>
  <system-out/>
  <testcase classname="myTest" name="unstarAPublicGist" time="0.337"/>
  <system-out/>
  <testcase classname="myTest" name="listStarredGists" time="0.219"/>
  <system-out/>
</testsuite> <!-- myTest -->
