<?xml version="1.0" encoding="UTF-8"?>
<!-- Generated by org.testng.reporters.JUnitReportReporter -->
<testsuite hostname="AlexPC" failures="0" tests="9" name="myTest" time="4.936" errors="0" timestamp="2022-07-12T08:19:28 BRT" skipped="0">
  <testcase classname="myTest" name="listPublicGists" time="1.577"/>
  <system-out/>
  <testcase classname="myTest" name="getGistListForSpecificUser" time="0.220"/>
  <system-out/>
  <testcase classname="myTest" name="createNewGist" time="1.063"/>
  <system-out/>
  <testcase classname="myTest" name="updateGist" time="0.607"/>
  <system-out/>
  <testcase classname="myTest" name="deleteGist" time="0.383"/>
  <system-out/>
  <testcase classname="myTest" name="checkGistIsDeleted" time="0.219"/>
  <system-out/>
  <testcase classname="myTest" name="starAPublicGist" time="0.333"/>
  <system-out/>
  <testcase classname="myTest" name="unstarAPublicGist" time="0.312"/>
  <system-out/>
  <testcase classname="myTest" name="listStarredGists" time="0.222"/>
  <system-out/>
</testsuite> <!-- myTest -->
