<?xml version="1.0" encoding="UTF-8"?>
<!-- Generated by org.testng.reporters.JUnitReportReporter -->
<testsuite hostname="AlexPC" failures="0" tests="9" name="myTest" time="5.359" errors="0" timestamp="2022-07-11T15:01:40 BRT" skipped="0">
  <testcase classname="myTest" name="listPublicGists" time="1.803"/>
  <system-out/>
  <testcase classname="myTest" name="getGistListForSpecificUser" time="0.614"/>
  <system-out/>
  <testcase classname="myTest" name="createNewGist" time="0.974"/>
  <system-out/>
  <testcase classname="myTest" name="UpdateGist" time="0.534"/>
  <system-out/>
  <testcase classname="myTest" name="DeleteGist" time="0.424"/>
  <system-out/>
  <testcase classname="myTest" name="CheckGistIsDeleted" time="0.205"/>
  <system-out/>
  <testcase classname="myTest" name="StarAPublicGist" time="0.299"/>
  <system-out/>
  <testcase classname="myTest" name="UnstarAPublicGist" time="0.304"/>
  <system-out/>
  <testcase classname="myTest" name="ListStarredGists" time="0.202"/>
  <system-out/>
</testsuite> <!-- myTest -->
